Crashlog created at 2012-10-02 23:51:09 +0530

=== MESSAGE:

RuntimeError: Could not parse YAML for content/frameworks/java/spring/spring-app-deployment-using-VMC.md: (<unknown>): found a tab character that violate intendation while scanning a plain scalar at line 8 column 7

=== COMPILATION STACK:

  (empty)

=== BACKTRACE:

  0. C:/Ruby193/lib/ruby/gems/1.9.1/gems/nanoc-3.4.1/lib/nanoc/data_sources/filesystem.rb:261:in `rescue in parse'
  1. C:/Ruby193/lib/ruby/gems/1.9.1/gems/nanoc-3.4.1/lib/nanoc/data_sources/filesystem.rb:258:in `parse'
  2. C:/Ruby193/lib/ruby/gems/1.9.1/gems/nanoc-3.4.1/lib/nanoc/data_sources/filesystem.rb:89:in `block in load_objects'
  3. C:/Ruby193/lib/ruby/gems/1.9.1/gems/nanoc-3.4.1/lib/nanoc/data_sources/filesystem.rb:78:in `each'
  4. C:/Ruby193/lib/ruby/gems/1.9.1/gems/nanoc-3.4.1/lib/nanoc/data_sources/filesystem.rb:78:in `map'
  5. C:/Ruby193/lib/ruby/gems/1.9.1/gems/nanoc-3.4.1/lib/nanoc/data_sources/filesystem.rb:78:in `load_objects'
  6. C:/Ruby193/lib/ruby/gems/1.9.1/gems/nanoc-3.4.1/lib/nanoc/data_sources/filesystem.rb:37:in `items'
  7. C:/Ruby193/lib/ruby/gems/1.9.1/gems/nanoc-3.4.1/lib/nanoc/base/source_data/site.rb:314:in `block in load_items'
  8. C:/Ruby193/lib/ruby/gems/1.9.1/gems/nanoc-3.4.1/lib/nanoc/base/source_data/site.rb:313:in `each'
  9. C:/Ruby193/lib/ruby/gems/1.9.1/gems/nanoc-3.4.1/lib/nanoc/base/source_data/site.rb:313:in `load_items'
  10. C:/Ruby193/lib/ruby/gems/1.9.1/gems/nanoc-3.4.1/lib/nanoc/base/source_data/site.rb:247:in `load'
  11. C:/Ruby193/lib/ruby/gems/1.9.1/gems/nanoc-3.4.1/lib/nanoc/base/source_data/site.rb:127:in `layouts'
  12. C:/Ruby193/lib/ruby/gems/1.9.1/gems/nanoc-3.4.1/lib/nanoc/base/compilation/compiler.rb:185:in `dependency_tracker'
  13. C:/Ruby193/lib/ruby/gems/1.9.1/gems/nanoc-3.4.1/lib/nanoc/base/memoization.rb:56:in `block in memoize'
  14. C:/Ruby193/lib/ruby/gems/1.9.1/gems/nanoc-3.4.1/lib/nanoc/base/compilation/compiler.rb:453:in `stores'
  15. C:/Ruby193/lib/ruby/gems/1.9.1/gems/nanoc-3.4.1/lib/nanoc/base/compilation/compiler.rb:144:in `unload'
  16. C:/Ruby193/lib/ruby/gems/1.9.1/gems/nanoc-3.4.1/lib/nanoc/base/source_data/site.rb:278:in `unload'
  17. C:/Ruby193/lib/ruby/gems/1.9.1/gems/nanoc-3.4.1/lib/nanoc/base/source_data/site.rb:258:in `rescue in load'
  18. C:/Ruby193/lib/ruby/gems/1.9.1/gems/nanoc-3.4.1/lib/nanoc/base/source_data/site.rb:262:in `load'
  19. C:/Ruby193/lib/ruby/gems/1.9.1/gems/nanoc-3.4.1/lib/nanoc/base/compilation/compiler.rb:112:in `load'
  20. C:/Ruby193/lib/ruby/gems/1.9.1/gems/nanoc-3.4.1/lib/nanoc/base/compilation/compiler.rb:82:in `run'
  21. C:/Ruby193/lib/ruby/gems/1.9.1/gems/nanoc-3.4.1/lib/nanoc/base/source_data/site.rb:58:in `compile'
  22. C:/Ruby193/lib/ruby/gems/1.9.1/gems/nanoc-3.4.1/lib/nanoc/cli/commands/compile.rb:65:in `run'
  23. C:/Ruby193/lib/ruby/gems/1.9.1/gems/nanoc-3.4.1/lib/nanoc/cli/command_runner.rb:14:in `block in call'
  24. C:/Ruby193/lib/ruby/gems/1.9.1/gems/nanoc-3.4.1/lib/nanoc/cli/error_handler.rb:63:in `handle_while'
  25. C:/Ruby193/lib/ruby/gems/1.9.1/gems/nanoc-3.4.1/lib/nanoc/cli/error_handler.rb:26:in `handle_while'
  26. C:/Ruby193/lib/ruby/gems/1.9.1/gems/nanoc-3.4.1/lib/nanoc/cli/command_runner.rb:13:in `call'
  27. C:/Ruby193/lib/ruby/gems/1.9.1/gems/cri-2.3.0/lib/cri/command_dsl.rb:185:in `block in runner'
  28. C:/Ruby193/lib/ruby/gems/1.9.1/gems/cri-2.3.0/lib/cri/command.rb:296:in `call'
  29. C:/Ruby193/lib/ruby/gems/1.9.1/gems/cri-2.3.0/lib/cri/command.rb:296:in `run_this'
  30. C:/Ruby193/lib/ruby/gems/1.9.1/gems/cri-2.3.0/lib/cri/command.rb:249:in `run'
  31. C:/Ruby193/lib/ruby/gems/1.9.1/gems/nanoc-3.4.1/lib/nanoc/cli/commands/nanoc.rb:39:in `block in define'
  32. C:/Ruby193/lib/ruby/gems/1.9.1/gems/cri-2.3.0/lib/cri/command.rb:296:in `call'
  33. C:/Ruby193/lib/ruby/gems/1.9.1/gems/cri-2.3.0/lib/cri/command.rb:296:in `run_this'
  34. C:/Ruby193/lib/ruby/gems/1.9.1/gems/cri-2.3.0/lib/cri/command.rb:249:in `run'
  35. C:/Ruby193/lib/ruby/gems/1.9.1/gems/nanoc-3.4.1/lib/nanoc/cli.rb:53:in `block in run'
  36. C:/Ruby193/lib/ruby/gems/1.9.1/gems/nanoc-3.4.1/lib/nanoc/cli/error_handler.rb:63:in `handle_while'
  37. C:/Ruby193/lib/ruby/gems/1.9.1/gems/nanoc-3.4.1/lib/nanoc/cli/error_handler.rb:26:in `handle_while'
  38. C:/Ruby193/lib/ruby/gems/1.9.1/gems/nanoc-3.4.1/lib/nanoc/cli.rb:50:in `run'
  39. C:/Ruby193/lib/ruby/gems/1.9.1/gems/nanoc-3.4.1/bin/nanoc:19:in `<top (required)>'
  40. C:/Ruby193/bin/nanoc:23:in `load'
  41. C:/Ruby193/bin/nanoc:23:in `<main>'

=== VERSION INFORMATION:

nanoc 3.4.1 © 2007-2012 Denis Defreyne.
Running ruby 1.9.3 (2012-04-20) on i386-mingw32 with RubyGems 1.8.23.

=== SYSTEM INFORMATION:

MINGW32_NT-6.1 SENTHILKUMARS 1.0.17(0.48/3/2) 2011-04-24 23:39 i686 Msys

=== INSTALLED GEMS:

  addressable 2.2.7, 2.2.8
  adsf 1.0.1, 1.1.1
  asdf 0.5.0
  bigdecimal 1.1.0
  bundler 1.2.1
  cfoundry 0.3.30
  chunky_png 1.2.6
  colored 1.2
  compass 0.11.7
  cri 2.1.0, 2.3.0
  eventmachine 1.0.0
  eyrubygems 0.0.2
  fssm 0.2.9
  gerrit-cli 0.0.1
  haml 3.1.4
  interact 0.4, 0.4.8
  io-console 0.3
  json 1.5.4
  json_pure 1.6.5, 1.6.7
  kramdown 0.13.4, 0.14.0
  metaclass 0.0.1
  mime-types 1.17.2, 1.19
  minitest 2.5.1, 4.0.0
  mocha 0.12.6
  multi_json 1.3.6
  nanoc 3.1.9, 3.4.1
  nanoc3 3.2.4, 3.3.0
  nokogiri 1.4.7
  pygmentize 0.0.3
  rack 1.2.5, 1.4.1
  rake 0.9.2.2
  rb-readline 0.4.2
  rdoc 3.9.4
  rest-client 1.6.7
  rubyzip 0.9.6.1, 0.9.9
  rvm 1.11.3.5
  sass 3.2.1
  systemu 2.4.2
  terminal-table 1.4.4, 1.4.5
  uuidtools 2.1.2, 2.1.3
  vmc 0.3.16.beta.3, 0.3.21
  yajl-ruby 0.8.3, 1.1.0
  yard 0.8.2.1
  zip 2.0.2

=== ENVIRONMENT:

ALLUSERSPROFILE => "C:\\ProgramData"
APPDATA => "C:\\Users\\senthilkumar.s\\AppData\\Roaming"
COMPUTERNAME => "SENTHILKUMARS"
ComSpec => "C:\\Windows\\system32\\cmd.exe"
CommonProgramFiles => "C:\\Program Files (x86)\\Common Files"
CommonProgramFiles(x86) => "C:\\Program Files (x86)\\Common Files"
CommonProgramW6432 => "C:\\Program Files\\Common Files"
FP_NO_HOST_CHECK => "NO"
GIT_HOME => "C:\\Users\\senthilkumar.s\\AppData\\Local\\GitHub"
HOME => "C:/Users/senthilkumar.s"
HOMEDRIVE => "C:"
HOMEPATH => "\\Users\\senthilkumar.s"
JAVA_HOME => "C:\\Java\\jdk1.7.0_03"
LOCALAPPDATA => "C:\\Users\\senthilkumar.s\\AppData\\Local"
LOGONSERVER => "\\\\SENTHILKUMARS"
NUMBER_OF_PROCESSORS => "4"
OS => "Windows_NT"
PATHEXT => ".COM;.EXE;.BAT;.CMD;.VBS;.VBE;.JS;.JSE;.WSF;.WSH;.MSC;.RB;.RBW"
PROCESSOR_ARCHITECTURE => "x86"
PROCESSOR_ARCHITEW6432 => "AMD64"
PROCESSOR_IDENTIFIER => "Intel64 Family 6 Model 37 Stepping 5, GenuineIntel"
PROCESSOR_LEVEL => "6"
PROCESSOR_REVISION => "2505"
PROMPT => "$P$G"
PSModulePath => "C:\\Windows\\system32\\WindowsPowerShell\\v1.0\\Modules\\"
PUBLIC => "C:\\Users\\Public"
PYTHON_HOME => "C:\\Python27\\Scripts"
PY_HOME => "C:\\Python27"
Path => "C:\\Windows\\system32;C:\\Windows;C:\\Windows\\System32\\Wbem;C:\\Windows\\System32\\WindowsPowerShell\\v1.0\\;C:\\Program Files\\Intel\\WiFi\\bin\\;C:\\Program Files\\Common Files\\Intel\\WirelessCommon\\;C:\\Java\\jdk1.7.0_03\\bin;C:\\Ruby193\\bin;C:\\Users\\senthilkumar.s\\AppData\\Local\\GitHub;C:\\Python27\\Scripts;C:\\Python27;C:\\Ruby193\\bin"
ProgramData => "C:\\ProgramData"
ProgramFiles => "C:\\Program Files (x86)"
ProgramFiles(x86) => "C:\\Program Files (x86)"
ProgramW6432 => "C:\\Program Files"
RUBY_HOME => "C:\\Ruby193"
SESSIONNAME => "Console"
SSH_AGENT_PID => "5584"
SSH_AUTH_SOCK => "/tmp/ssh-TrCSnu1660/agent.1660"
SystemDrive => "C:"
SystemRoot => "C:\\Windows"
TEMP => "C:\\Users\\SENTHI~1.S\\AppData\\Local\\Temp"
TMP => "C:\\Users\\SENTHI~1.S\\AppData\\Local\\Temp"
USER => "senthilkumar.s"
USERDOMAIN => "senthilkumars"
USERNAME => "senthilkumar.s"
USERPROFILE => "C:\\Users\\senthilkumar.s"
windir => "C:\\Windows"
windows_tracing_flags => "3"
windows_tracing_logfile => "C:\\BVTBin\\Tests\\installpackage\\csilogfile.log"

=== $LOAD_PATH:

  0. C:/Ruby193/lib/ruby/gems/1.9.1/gems/nanoc-3.4.1/lib
  1. C:/Ruby193/lib/ruby/gems/1.9.1/gems/colored-1.2/lib
  2. C:/Ruby193/lib/ruby/gems/1.9.1/gems/cri-2.3.0/lib
  3. C:/Ruby193/lib/ruby/gems/1.9.1/gems/nanoc-3.4.1/lib
  4. C:/Ruby193/lib/ruby/gems/1.9.1/gems/bundler-1.2.1/lib
  5. C:/Ruby193/lib/ruby/gems/1.9.1/gems/nanoc3-3.2.4/lib
  6. C:/Ruby193/lib/ruby/gems/1.9.1/gems/yajl-ruby-1.1.0-x86-mingw32/lib
  7. C:/Ruby193/lib/ruby/site_ruby/1.9.1
  8. C:/Ruby193/lib/ruby/site_ruby/1.9.1/i386-msvcrt
  9. C:/Ruby193/lib/ruby/site_ruby
  10. C:/Ruby193/lib/ruby/vendor_ruby/1.9.1
  11. C:/Ruby193/lib/ruby/vendor_ruby/1.9.1/i386-msvcrt
  12. C:/Ruby193/lib/ruby/vendor_ruby
  13. C:/Ruby193/lib/ruby/1.9.1
  14. C:/Ruby193/lib/ruby/1.9.1/i386-mingw32
